2019-01-23 17:16:01 INFO  Hooks:20 - ***********************************************************************************************************
2019-01-23 17:16:01 INFO  Hooks:29 -  Launch Browser: "ie" on Environment:local
2019-01-23 17:17:58 INFO  Hooks:20 - ***********************************************************************************************************
2019-01-23 17:17:58 INFO  Hooks:29 -  Launch Browser: "ie" on Environment:local
2019-01-23 17:18:00 INFO  FlyInMenuBehaviourSteps:29 - User is on sso portal's home page
2019-01-23 17:18:10 ERROR FlyInMenuBehaviourSteps:36 - Currently focused window has been closed.
Build info: version: '3.4.0', revision: 'unknown', time: 'unknown'
System info: host: 'HARSHAL-PC', ip: '192.168.56.1', os.name: 'Windows 8.1', os.arch: 'amd64', os.version: '6.3', java.version: '1.8.0_141'
Driver info: org.openqa.selenium.ie.InternetExplorerDriver
Capabilities [{proxy=Proxy(), acceptInsecureCerts=false, browserVersion=11, se:ieOptions={nativeEvents=true, browserAttachTimeout=0.0, ie.ensureCleanSession=false, elementScrollBehavior=0.0, enablePersistentHover=true, ie.browserCommandLineSwitches=, ie.forceCreateProcessApi=false, requireWindowFocus=false, initialBrowserUrl=http://localhost:20033/, ignoreZoomSetting=false, ie.fileUploadDialogTimeout=3000.0, ignoreProtectedModeSettings=true}, timeouts={implicit=0.0, pageLoad=300000.0, script=30000.0}, browserName=internet explorer, pageLoadStrategy=normal, javascriptEnabled=true, platformName=windows, setWindowRect=true, platform=ANY}]
Session ID: b689a557-1386-4970-9953-ad0c9c699e3a
*** Element info: {Using=xpath, value=//li[contains(text(),'Overview')]}
2019-01-23 17:21:32 INFO  Hooks:20 - ***********************************************************************************************************
2019-01-23 17:21:32 INFO  Hooks:29 -  Launch Browser: "ie" on Environment:local
2019-01-23 17:21:34 INFO  FlyInMenuBehaviourSteps:29 - User is on sso portal's home page
2019-01-23 17:21:45 ERROR FlyInMenuBehaviourSteps:36 - Currently focused window has been closed.
Build info: version: '3.4.0', revision: 'unknown', time: 'unknown'
System info: host: 'HARSHAL-PC', ip: '192.168.56.1', os.name: 'Windows 8.1', os.arch: 'amd64', os.version: '6.3', java.version: '1.8.0_141'
Driver info: org.openqa.selenium.ie.InternetExplorerDriver
Capabilities [{proxy=Proxy(), acceptInsecureCerts=false, browserVersion=11, se:ieOptions={nativeEvents=true, browserAttachTimeout=0.0, ie.ensureCleanSession=false, elementScrollBehavior=0.0, enablePersistentHover=true, ie.browserCommandLineSwitches=, ie.forceCreateProcessApi=false, requireWindowFocus=false, initialBrowserUrl=http://localhost:7887/, ignoreZoomSetting=false, ie.fileUploadDialogTimeout=3000.0, ignoreProtectedModeSettings=true}, timeouts={implicit=0.0, pageLoad=300000.0, script=30000.0}, browserName=internet explorer, pageLoadStrategy=normal, javascriptEnabled=true, platformName=windows, setWindowRect=true, platform=ANY}]
Session ID: 924bcc1c-0874-4dfd-9e02-099f61c76682
*** Element info: {Using=xpath, value=//li[contains(text(),'Overview')]}
2019-01-23 17:22:15 INFO  Hooks:20 - ***********************************************************************************************************
2019-01-23 17:22:15 INFO  Hooks:29 -  Launch Browser: "ie" on Environment:local
2019-01-23 17:22:17 INFO  FlyInMenuBehaviourSteps:29 - User is on sso portal's home page
2019-01-23 17:22:27 ERROR FlyInMenuBehaviourSteps:36 - Currently focused window has been closed.
Build info: version: '3.4.0', revision: 'unknown', time: 'unknown'
System info: host: 'HARSHAL-PC', ip: '192.168.56.1', os.name: 'Windows 8.1', os.arch: 'amd64', os.version: '6.3', java.version: '1.8.0_141'
Driver info: org.openqa.selenium.ie.InternetExplorerDriver
Capabilities [{proxy=Proxy(), acceptInsecureCerts=false, browserVersion=11, se:ieOptions={nativeEvents=true, browserAttachTimeout=0.0, ie.ensureCleanSession=false, elementScrollBehavior=0.0, enablePersistentHover=true, ie.browserCommandLineSwitches=, ie.forceCreateProcessApi=false, requireWindowFocus=false, initialBrowserUrl=http://localhost:19423/, ignoreZoomSetting=false, ie.fileUploadDialogTimeout=3000.0, ignoreProtectedModeSettings=true}, timeouts={implicit=0.0, pageLoad=300000.0, script=30000.0}, browserName=internet explorer, pageLoadStrategy=normal, javascriptEnabled=true, platformName=windows, setWindowRect=true, platform=ANY}]
Session ID: f9cba1f8-a76d-4db2-984c-580efb576d13
*** Element info: {Using=xpath, value=//li[contains(text(),'Overview')]}
2019-01-23 17:23:54 INFO  Hooks:20 - ***********************************************************************************************************
2019-01-23 17:23:54 INFO  Hooks:29 -  Launch Browser: "ie" on Environment:local
2019-01-23 17:23:57 INFO  FlyInMenuBehaviourSteps:29 - User is on sso portal's home page
2019-01-23 17:24:07 ERROR FlyInMenuBehaviourSteps:36 - Currently focused window has been closed.
Build info: version: '3.4.0', revision: 'unknown', time: 'unknown'
System info: host: 'HARSHAL-PC', ip: '192.168.56.1', os.name: 'Windows 8.1', os.arch: 'amd64', os.version: '6.3', java.version: '1.8.0_141'
Driver info: org.openqa.selenium.ie.InternetExplorerDriver
Capabilities [{proxy=Proxy(), acceptInsecureCerts=false, browserVersion=11, se:ieOptions={nativeEvents=true, browserAttachTimeout=0.0, ie.ensureCleanSession=false, elementScrollBehavior=0.0, enablePersistentHover=true, ie.browserCommandLineSwitches=, ie.forceCreateProcessApi=false, requireWindowFocus=false, initialBrowserUrl=http://localhost:48166/, ignoreZoomSetting=false, ie.fileUploadDialogTimeout=3000.0, ignoreProtectedModeSettings=true}, timeouts={implicit=0.0, pageLoad=300000.0, script=30000.0}, browserName=internet explorer, pageLoadStrategy=normal, javascriptEnabled=true, platformName=windows, setWindowRect=true, platform=ANY}]
Session ID: 707159d5-e77a-4f22-9b6a-866f2b9186a9
*** Element info: {Using=xpath, value=//li[contains(text(),'Overview')]}
2019-01-23 17:24:40 INFO  Hooks:20 - ***********************************************************************************************************
2019-01-23 17:24:40 INFO  Hooks:29 -  Launch Browser: "ie" on Environment:local
2019-01-23 17:24:50 INFO  FlyInMenuBehaviourSteps:29 - User is on sso portal's home page
2019-01-23 17:25:01 ERROR FlyInMenuBehaviourSteps:36 - Currently focused window has been closed.
Build info: version: '3.4.0', revision: 'unknown', time: 'unknown'
System info: host: 'HARSHAL-PC', ip: '192.168.56.1', os.name: 'Windows 8.1', os.arch: 'amd64', os.version: '6.3', java.version: '1.8.0_141'
Driver info: org.openqa.selenium.ie.InternetExplorerDriver
Capabilities [{proxy=Proxy(), acceptInsecureCerts=false, browserVersion=11, se:ieOptions={nativeEvents=true, browserAttachTimeout=0.0, ie.ensureCleanSession=false, elementScrollBehavior=0.0, enablePersistentHover=true, ie.browserCommandLineSwitches=, ie.forceCreateProcessApi=false, requireWindowFocus=false, initialBrowserUrl=http://localhost:2155/, ignoreZoomSetting=false, ie.fileUploadDialogTimeout=3000.0, ignoreProtectedModeSettings=true}, timeouts={implicit=0.0, pageLoad=300000.0, script=30000.0}, browserName=internet explorer, pageLoadStrategy=normal, javascriptEnabled=true, platformName=windows, setWindowRect=true, platform=ANY}]
Session ID: 8b32e6e8-4e10-48cc-9381-6b584e3ff3bf
*** Element info: {Using=xpath, value=//li[contains(text(),'Overview')]}
2019-01-23 17:36:29 INFO  Hooks:20 - ***********************************************************************************************************
2019-01-23 17:36:29 INFO  Hooks:29 -  Launch Browser: "ie" on Environment:local
2019-01-23 17:36:31 INFO  FlyInMenuBehaviourSteps:29 - User is on sso portal's home page
2019-01-23 17:36:42 ERROR FlyInMenuBehaviourSteps:36 - Currently focused window has been closed.
Build info: version: '3.4.0', revision: 'unknown', time: 'unknown'
System info: host: 'HARSHAL-PC', ip: '192.168.56.1', os.name: 'Windows 8.1', os.arch: 'amd64', os.version: '6.3', java.version: '1.8.0_141'
Driver info: org.openqa.selenium.ie.InternetExplorerDriver
Capabilities [{proxy=Proxy(), acceptInsecureCerts=false, browserVersion=11, se:ieOptions={nativeEvents=true, browserAttachTimeout=0.0, ie.ensureCleanSession=false, elementScrollBehavior=0.0, enablePersistentHover=true, ie.browserCommandLineSwitches=, ie.forceCreateProcessApi=false, requireWindowFocus=false, initialBrowserUrl=http://localhost:16901/, ignoreZoomSetting=false, ie.fileUploadDialogTimeout=3000.0, ignoreProtectedModeSettings=true}, timeouts={implicit=0.0, pageLoad=300000.0, script=30000.0}, browserName=internet explorer, pageLoadStrategy=normal, javascriptEnabled=true, platformName=windows, setWindowRect=true, platform=ANY}]
Session ID: 54cd1bbc-9594-4486-9d61-7b42c1209bde
*** Element info: {Using=xpath, value=//li[contains(text(),'Overview')]}
2019-01-23 17:38:22 INFO  Hooks:20 - ***********************************************************************************************************
2019-01-23 17:38:22 INFO  Hooks:29 -  Launch Browser: "ie" on Environment:local
2019-01-23 17:38:24 INFO  FlyInMenuBehaviourSteps:29 - User is on sso portal's home page
2019-01-23 17:38:34 ERROR FlyInMenuBehaviourSteps:36 - Currently focused window has been closed.
Build info: version: '3.4.0', revision: 'unknown', time: 'unknown'
System info: host: 'HARSHAL-PC', ip: '192.168.56.1', os.name: 'Windows 8.1', os.arch: 'amd64', os.version: '6.3', java.version: '1.8.0_141'
Driver info: org.openqa.selenium.ie.InternetExplorerDriver
Capabilities [{proxy=Proxy(), acceptInsecureCerts=false, browserVersion=11, se:ieOptions={nativeEvents=true, browserAttachTimeout=0.0, ie.ensureCleanSession=false, elementScrollBehavior=0.0, enablePersistentHover=true, ie.browserCommandLineSwitches=, ie.forceCreateProcessApi=false, requireWindowFocus=false, initialBrowserUrl=http://localhost:4700/, ignoreZoomSetting=false, ie.fileUploadDialogTimeout=3000.0, ignoreProtectedModeSettings=true}, timeouts={implicit=0.0, pageLoad=300000.0, script=30000.0}, browserName=internet explorer, pageLoadStrategy=normal, javascriptEnabled=true, platformName=windows, setWindowRect=true, platform=ANY}]
Session ID: 281efbd8-8dcb-4b18-90e2-ddcddc94c84e
*** Element info: {Using=xpath, value=//li[contains(text(),'Overview')]}
2019-01-23 17:58:55 INFO  Hooks:21 - ***********************************************************************************************************
2019-01-23 17:58:55 INFO  Hooks:30 -  Launch Browser: "chrome" on Environment:local
2019-01-23 17:58:58 INFO  FlyInMenuBehaviourSteps:30 - User is on sso portal's home page
2019-01-23 17:59:01 INFO  Hooks:23 - executing Scenario 2
2019-01-23 17:59:03 INFO  Hooks:49 - Marian Cross School
2019-01-23 17:59:03 INFO  Hooks:60 - Handwriting 103
2019-01-23 17:59:05 ERROR Hooks:76 - element not visible
  (Session info: chrome=72.0.3626.64)
  (Driver info: chromedriver=2.38.552522 (437e6fbedfa8762dec75e2c5b3ddb86763dc9dcb),platform=Windows NT 6.3.9600 x86_64) (WARNING: The server did not provide any stacktrace information)
Command duration or timeout: 49 milliseconds
Build info: version: '3.4.0', revision: 'unknown', time: 'unknown'
System info: host: 'HARSHAL-PC', ip: '192.168.56.1', os.name: 'Windows 8.1', os.arch: 'amd64', os.version: '6.3', java.version: '1.8.0_141'
Driver info: org.openqa.selenium.chrome.ChromeDriver
Capabilities [{applicationCacheEnabled=false, rotatable=false, mobileEmulationEnabled=false, networkConnectionEnabled=false, chrome={chromedriverVersion=2.38.552522 (437e6fbedfa8762dec75e2c5b3ddb86763dc9dcb), userDataDir=C:\Users\HarshalT\AppData\Local\Temp\scoped_dir8992_22547}, takesHeapSnapshot=true, pageLoadStrategy=normal, databaseEnabled=false, handlesAlerts=true, hasTouchScreen=false, version=72.0.3626.64, platform=WIN8_1, browserConnectionEnabled=false, nativeEvents=true, acceptSslCerts=false, acceptInsecureCerts=false, locationContextEnabled=true, webStorageEnabled=true, browserName=chrome, takesScreenshot=true, javascriptEnabled=true, cssSelectorsEnabled=true, setWindowRect=true, unexpectedAlertBehaviour=}]
Session ID: 013ae3cf48553de3b37345728e1bb50c
2019-01-23 18:00:11 INFO  Hooks:21 - ***********************************************************************************************************
2019-01-23 18:00:11 INFO  Hooks:30 -  Launch Browser: "chrome" on Environment:local
2019-01-23 18:00:14 INFO  FlyInMenuBehaviourSteps:30 - User is on sso portal's home page
2019-01-23 18:00:17 INFO  Hooks:23 - executing Scenario 2
2019-01-23 18:00:19 INFO  Hooks:49 - Marian Cross School
2019-01-23 18:00:19 INFO  Hooks:60 - Handwriting 103
2019-01-23 18:00:21 INFO  Hooks:71 - HW 131 Muriel Critchlow
2019-01-23 18:00:28 INFO  Hooks:21 - ***********************************************************************************************************
2019-01-23 18:00:28 INFO  Hooks:30 -  Launch Browser: "chrome" on Environment:local
2019-01-23 18:00:31 INFO  FlyInMenuBehaviourSteps:30 - User is on sso portal's home page
2019-01-23 18:00:33 INFO  Hooks:23 - executing Scenario 2
2019-01-23 18:00:34 INFO  Hooks:49 - Marian Cross School
2019-01-23 18:00:35 INFO  Hooks:60 - Handwriting 103
2019-01-23 18:00:37 INFO  Hooks:71 - HW 131 Vania Gratton
2019-01-23 18:02:26 INFO  Hooks:21 - ***********************************************************************************************************
2019-01-23 18:02:26 INFO  Hooks:30 -  Launch Browser: "chrome" on Environment:local
2019-01-23 18:02:29 INFO  FlyInMenuBehaviourSteps:30 - User is on sso portal's home page
2019-01-23 18:02:32 INFO  Hooks:23 - executing Scenario 2
2019-01-23 18:02:34 INFO  Hooks:49 - Marian Cross School
2019-01-23 18:02:35 INFO  Hooks:60 - Handwriting 103
2019-01-23 18:02:36 ERROR Hooks:76 - element not visible
  (Session info: chrome=72.0.3626.64)
  (Driver info: chromedriver=2.38.552522 (437e6fbedfa8762dec75e2c5b3ddb86763dc9dcb),platform=Windows NT 6.3.9600 x86_64) (WARNING: The server did not provide any stacktrace information)
Command duration or timeout: 44 milliseconds
Build info: version: '3.4.0', revision: 'unknown', time: 'unknown'
System info: host: 'HARSHAL-PC', ip: '192.168.56.1', os.name: 'Windows 8.1', os.arch: 'amd64', os.version: '6.3', java.version: '1.8.0_141'
Driver info: org.openqa.selenium.chrome.ChromeDriver
Capabilities [{applicationCacheEnabled=false, rotatable=false, mobileEmulationEnabled=false, networkConnectionEnabled=false, chrome={chromedriverVersion=2.38.552522 (437e6fbedfa8762dec75e2c5b3ddb86763dc9dcb), userDataDir=C:\Users\HarshalT\AppData\Local\Temp\scoped_dir10840_3924}, takesHeapSnapshot=true, pageLoadStrategy=normal, databaseEnabled=false, handlesAlerts=true, hasTouchScreen=false, version=72.0.3626.64, platform=WIN8_1, browserConnectionEnabled=false, nativeEvents=true, acceptSslCerts=false, acceptInsecureCerts=false, locationContextEnabled=true, webStorageEnabled=true, browserName=chrome, takesScreenshot=true, javascriptEnabled=true, cssSelectorsEnabled=true, setWindowRect=true, unexpectedAlertBehaviour=}]
Session ID: 52e421f0327de5afc3c428b0f5f19b62
2019-01-23 18:03:01 INFO  Hooks:21 - ***********************************************************************************************************
2019-01-23 18:03:01 INFO  Hooks:30 -  Launch Browser: "chrome" on Environment:local
2019-01-23 18:03:04 INFO  FlyInMenuBehaviourSteps:30 - User is on sso portal's home page
2019-01-23 18:03:07 INFO  FlyInMenuBehaviourSteps:44 - executing Scenario 1
2019-01-23 18:03:08 INFO  Hooks:21 - ***********************************************************************************************************
2019-01-23 18:03:08 INFO  Hooks:30 -  Launch Browser: "chrome" on Environment:local
2019-01-23 18:03:08 INFO  FlyInMenuBehaviourSteps:30 - User is on sso portal's home page
2019-01-23 18:03:08 INFO  FlyInMenuBehaviourSteps:44 - executing Scenario 1
2019-01-23 18:03:11 ERROR FlyInMenuBehaviourSteps:93 - no such element: Unable to locate element: {"method":"xpath","selector":"//i[contains(text(),'chevron_right')]/ancestor::span[@class='float-right']"}
  (Session info: chrome=72.0.3626.64)
  (Driver info: chromedriver=2.38.552522 (437e6fbedfa8762dec75e2c5b3ddb86763dc9dcb),platform=Windows NT 6.3.9600 x86_64) (WARNING: The server did not provide any stacktrace information)
Command duration or timeout: 2.06 seconds
For documentation on this error, please visit: http://seleniumhq.org/exceptions/no_such_element.html
Build info: version: '3.4.0', revision: 'unknown', time: 'unknown'
System info: host: 'HARSHAL-PC', ip: '192.168.56.1', os.name: 'Windows 8.1', os.arch: 'amd64', os.version: '6.3', java.version: '1.8.0_141'
Driver info: org.openqa.selenium.chrome.ChromeDriver
Capabilities [{applicationCacheEnabled=false, rotatable=false, mobileEmulationEnabled=false, networkConnectionEnabled=false, chrome={chromedriverVersion=2.38.552522 (437e6fbedfa8762dec75e2c5b3ddb86763dc9dcb), userDataDir=C:\Users\HarshalT\AppData\Local\Temp\scoped_dir7316_2670}, takesHeapSnapshot=true, pageLoadStrategy=normal, databaseEnabled=false, handlesAlerts=true, hasTouchScreen=false, version=72.0.3626.64, platform=WIN8_1, browserConnectionEnabled=false, nativeEvents=true, acceptSslCerts=false, acceptInsecureCerts=false, locationContextEnabled=true, webStorageEnabled=true, browserName=chrome, takesScreenshot=true, javascriptEnabled=true, cssSelectorsEnabled=true, setWindowRect=true, unexpectedAlertBehaviour=}]
Session ID: fc6b9ae6812aa1518606506c64d5a429
*** Element info: {Using=xpath, value=//i[contains(text(),'chevron_right')]/ancestor::span[@class='float-right']}
2019-01-23 18:03:11 INFO  Hooks:21 - ***********************************************************************************************************
2019-01-23 18:03:11 INFO  Hooks:30 -  Launch Browser: "chrome" on Environment:local
2019-01-23 18:03:11 INFO  FlyInMenuBehaviourSteps:30 - User is on sso portal's home page
2019-01-23 18:03:11 INFO  FlyInMenuBehaviourSteps:44 - executing Scenario 1
2019-01-23 18:03:14 ERROR FlyInMenuBehaviourSteps:93 - no such element: Unable to locate element: {"method":"xpath","selector":"//i[contains(text(),'chevron_right')]/ancestor::span[@class='float-right']"}
  (Session info: chrome=72.0.3626.64)
  (Driver info: chromedriver=2.38.552522 (437e6fbedfa8762dec75e2c5b3ddb86763dc9dcb),platform=Windows NT 6.3.9600 x86_64) (WARNING: The server did not provide any stacktrace information)
Command duration or timeout: 2.07 seconds
For documentation on this error, please visit: http://seleniumhq.org/exceptions/no_such_element.html
Build info: version: '3.4.0', revision: 'unknown', time: 'unknown'
System info: host: 'HARSHAL-PC', ip: '192.168.56.1', os.name: 'Windows 8.1', os.arch: 'amd64', os.version: '6.3', java.version: '1.8.0_141'
Driver info: org.openqa.selenium.chrome.ChromeDriver
Capabilities [{applicationCacheEnabled=false, rotatable=false, mobileEmulationEnabled=false, networkConnectionEnabled=false, chrome={chromedriverVersion=2.38.552522 (437e6fbedfa8762dec75e2c5b3ddb86763dc9dcb), userDataDir=C:\Users\HarshalT\AppData\Local\Temp\scoped_dir7316_2670}, takesHeapSnapshot=true, pageLoadStrategy=normal, databaseEnabled=false, handlesAlerts=true, hasTouchScreen=false, version=72.0.3626.64, platform=WIN8_1, browserConnectionEnabled=false, nativeEvents=true, acceptSslCerts=false, acceptInsecureCerts=false, locationContextEnabled=true, webStorageEnabled=true, browserName=chrome, takesScreenshot=true, javascriptEnabled=true, cssSelectorsEnabled=true, setWindowRect=true, unexpectedAlertBehaviour=}]
Session ID: fc6b9ae6812aa1518606506c64d5a429
*** Element info: {Using=xpath, value=//i[contains(text(),'chevron_right')]/ancestor::span[@class='float-right']}
2019-01-23 18:03:15 INFO  Hooks:21 - ***********************************************************************************************************
2019-01-23 18:03:15 INFO  Hooks:30 -  Launch Browser: "chrome" on Environment:local
2019-01-23 18:03:15 INFO  FlyInMenuBehaviourSteps:30 - User is on sso portal's home page
2019-01-23 18:03:15 INFO  FlyInMenuBehaviourSteps:101 - executing Scenario 2
2019-01-23 18:03:21 INFO  Hooks:21 - ***********************************************************************************************************
2019-01-23 18:03:21 INFO  Hooks:30 -  Launch Browser: "chrome" on Environment:local
2019-01-23 18:03:21 INFO  FlyInMenuBehaviourSteps:30 - User is on sso portal's home page
2019-01-23 18:03:21 INFO  FlyInMenuBehaviourSteps:101 - executing Scenario 2
2019-01-23 18:03:26 INFO  Hooks:21 - ***********************************************************************************************************
2019-01-23 18:03:26 INFO  Hooks:30 -  Launch Browser: "chrome" on Environment:local
2019-01-23 18:03:26 INFO  FlyInMenuBehaviourSteps:30 - User is on sso portal's home page
2019-01-23 18:03:27 INFO  FlyInMenuBehaviourSteps:178 - executing Scenario 3
2019-01-23 18:03:31 INFO  Hooks:21 - ***********************************************************************************************************
2019-01-23 18:03:31 INFO  Hooks:30 -  Launch Browser: "chrome" on Environment:local
2019-01-23 18:03:31 INFO  FlyInMenuBehaviourSteps:30 - User is on sso portal's home page
2019-01-23 18:03:31 INFO  FlyInMenuBehaviourSteps:178 - executing Scenario 3
2019-01-23 18:03:38 INFO  Hooks:21 - ***********************************************************************************************************
2019-01-23 18:03:38 INFO  Hooks:30 -  Launch Browser: "chrome" on Environment:local
2019-01-23 18:03:38 INFO  FlyInMenuBehaviourSteps:30 - User is on sso portal's home page
2019-01-23 18:03:38 INFO  FlyInMenuBehaviourSteps:254 - executing Scenario 4
2019-01-23 18:03:42 INFO  Hooks:21 - ***********************************************************************************************************
2019-01-23 18:03:42 INFO  Hooks:30 -  Launch Browser: "chrome" on Environment:local
2019-01-23 18:03:42 INFO  FlyInMenuBehaviourSteps:30 - User is on sso portal's home page
2019-01-23 18:03:42 INFO  FlyInMenuBehaviourSteps:308 - executing Scenario 5
2019-01-23 18:03:42 INFO  Hooks:21 - ***********************************************************************************************************
2019-01-23 18:03:42 INFO  Hooks:30 -  Launch Browser: "chrome" on Environment:local
2019-01-23 18:03:42 INFO  FlyInMenuBehaviourSteps:30 - User is on sso portal's home page
2019-01-23 18:03:43 INFO  FlyInMenuBehaviourSteps:308 - executing Scenario 5
2019-01-23 18:03:43 INFO  Hooks:21 - ***********************************************************************************************************
2019-01-23 18:03:43 INFO  Hooks:30 -  Launch Browser: "chrome" on Environment:local
2019-01-23 18:03:43 INFO  FlyInMenuBehaviourSteps:30 - User is on sso portal's home page
2019-01-23 18:03:43 INFO  FlyInMenuBehaviourSteps:308 - executing Scenario 5
2019-01-23 18:03:43 INFO  Hooks:21 - ***********************************************************************************************************
2019-01-23 18:03:43 INFO  Hooks:30 -  Launch Browser: "chrome" on Environment:local
2019-01-23 18:03:43 INFO  FlyInMenuBehaviourSteps:30 - User is on sso portal's home page
2019-01-23 18:03:43 INFO  Hooks:23 - executing Scenario 2
2019-01-23 18:03:45 INFO  Hooks:49 - Marian Cross School
2019-01-23 18:03:45 INFO  Hooks:60 - Handwriting 103
2019-01-23 18:03:46 INFO  Hooks:71 - All
2019-01-24 11:27:11 INFO  Hooks:21 - ***********************************************************************************************************
2019-01-24 11:27:11 INFO  Hooks:30 -  Launch Browser: "chrome" on Environment:local
2019-01-24 11:27:14 INFO  FlyInMenuBehaviourSteps:30 - User is on sso portal's home page
2019-01-24 11:27:27 INFO  Hooks:23 - executing Scenario 2
2019-01-24 11:27:28 INFO  Hooks:49 - Marian Cross School
2019-01-24 11:27:29 INFO  Hooks:60 - Handwriting 103
2019-01-24 11:27:30 INFO  Hooks:71 - HW 131 Muriel Critchlow
2019-01-24 11:30:35 INFO  Hooks:21 - ***********************************************************************************************************
2019-01-24 11:30:35 INFO  Hooks:30 -  Launch Browser: "chrome" on Environment:local
2019-01-24 11:30:38 INFO  FlyInMenuBehaviourSteps:30 - User is on sso portal's home page
2019-01-24 11:30:41 INFO  FlyInMenuBehaviourSteps:44 - executing Scenario 1
2019-01-24 11:30:42 INFO  Hooks:21 - ***********************************************************************************************************
2019-01-24 11:30:42 INFO  Hooks:30 -  Launch Browser: "chrome" on Environment:local
2019-01-24 11:30:42 INFO  FlyInMenuBehaviourSteps:30 - User is on sso portal's home page
2019-01-24 11:30:42 INFO  FlyInMenuBehaviourSteps:44 - executing Scenario 1
2019-01-24 11:30:45 ERROR FlyInMenuBehaviourSteps:93 - no such element: Unable to locate element: {"method":"xpath","selector":"//i[contains(text(),'chevron_right')]/ancestor::span[@class='float-right']"}
  (Session info: chrome=72.0.3626.64)
  (Driver info: chromedriver=2.38.552522 (437e6fbedfa8762dec75e2c5b3ddb86763dc9dcb),platform=Windows NT 6.3.9600 x86_64) (WARNING: The server did not provide any stacktrace information)
Command duration or timeout: 2.06 seconds
For documentation on this error, please visit: http://seleniumhq.org/exceptions/no_such_element.html
Build info: version: '3.4.0', revision: 'unknown', time: 'unknown'
System info: host: 'HARSHAL-PC', ip: '192.168.56.1', os.name: 'Windows 8.1', os.arch: 'amd64', os.version: '6.3', java.version: '1.8.0_141'
Driver info: org.openqa.selenium.chrome.ChromeDriver
Capabilities [{applicationCacheEnabled=false, rotatable=false, mobileEmulationEnabled=false, networkConnectionEnabled=false, chrome={chromedriverVersion=2.38.552522 (437e6fbedfa8762dec75e2c5b3ddb86763dc9dcb), userDataDir=C:\Users\HarshalT\AppData\Local\Temp\scoped_dir9816_24967}, takesHeapSnapshot=true, pageLoadStrategy=normal, databaseEnabled=false, handlesAlerts=true, hasTouchScreen=false, version=72.0.3626.64, platform=WIN8_1, browserConnectionEnabled=false, nativeEvents=true, acceptSslCerts=false, acceptInsecureCerts=false, locationContextEnabled=true, webStorageEnabled=true, browserName=chrome, takesScreenshot=true, javascriptEnabled=true, cssSelectorsEnabled=true, setWindowRect=true, unexpectedAlertBehaviour=}]
Session ID: 81b557573fc4089dae86d08bc4902211
*** Element info: {Using=xpath, value=//i[contains(text(),'chevron_right')]/ancestor::span[@class='float-right']}
2019-01-24 11:30:45 INFO  Hooks:21 - ***********************************************************************************************************
2019-01-24 11:30:45 INFO  Hooks:30 -  Launch Browser: "chrome" on Environment:local
2019-01-24 11:30:45 INFO  FlyInMenuBehaviourSteps:30 - User is on sso portal's home page
2019-01-24 11:30:46 INFO  FlyInMenuBehaviourSteps:44 - executing Scenario 1
2019-01-24 11:30:49 ERROR FlyInMenuBehaviourSteps:93 - no such element: Unable to locate element: {"method":"xpath","selector":"//i[contains(text(),'chevron_right')]/ancestor::span[@class='float-right']"}
  (Session info: chrome=72.0.3626.64)
  (Driver info: chromedriver=2.38.552522 (437e6fbedfa8762dec75e2c5b3ddb86763dc9dcb),platform=Windows NT 6.3.9600 x86_64) (WARNING: The server did not provide any stacktrace information)
Command duration or timeout: 2.07 seconds
For documentation on this error, please visit: http://seleniumhq.org/exceptions/no_such_element.html
Build info: version: '3.4.0', revision: 'unknown', time: 'unknown'
System info: host: 'HARSHAL-PC', ip: '192.168.56.1', os.name: 'Windows 8.1', os.arch: 'amd64', os.version: '6.3', java.version: '1.8.0_141'
Driver info: org.openqa.selenium.chrome.ChromeDriver
Capabilities [{applicationCacheEnabled=false, rotatable=false, mobileEmulationEnabled=false, networkConnectionEnabled=false, chrome={chromedriverVersion=2.38.552522 (437e6fbedfa8762dec75e2c5b3ddb86763dc9dcb), userDataDir=C:\Users\HarshalT\AppData\Local\Temp\scoped_dir9816_24967}, takesHeapSnapshot=true, pageLoadStrategy=normal, databaseEnabled=false, handlesAlerts=true, hasTouchScreen=false, version=72.0.3626.64, platform=WIN8_1, browserConnectionEnabled=false, nativeEvents=true, acceptSslCerts=false, acceptInsecureCerts=false, locationContextEnabled=true, webStorageEnabled=true, browserName=chrome, takesScreenshot=true, javascriptEnabled=true, cssSelectorsEnabled=true, setWindowRect=true, unexpectedAlertBehaviour=}]
Session ID: 81b557573fc4089dae86d08bc4902211
*** Element info: {Using=xpath, value=//i[contains(text(),'chevron_right')]/ancestor::span[@class='float-right']}
2019-01-24 11:30:49 INFO  Hooks:21 - ***********************************************************************************************************
2019-01-24 11:30:49 INFO  Hooks:30 -  Launch Browser: "chrome" on Environment:local
2019-01-24 11:30:49 INFO  FlyInMenuBehaviourSteps:30 - User is on sso portal's home page
2019-01-24 11:30:49 INFO  FlyInMenuBehaviourSteps:101 - executing Scenario 2
2019-01-24 11:30:55 INFO  Hooks:21 - ***********************************************************************************************************
2019-01-24 11:30:55 INFO  Hooks:30 -  Launch Browser: "chrome" on Environment:local
2019-01-24 11:30:55 INFO  FlyInMenuBehaviourSteps:30 - User is on sso portal's home page
2019-01-24 11:30:55 INFO  FlyInMenuBehaviourSteps:101 - executing Scenario 2
2019-01-24 11:31:00 INFO  Hooks:21 - ***********************************************************************************************************
2019-01-24 11:31:00 INFO  Hooks:30 -  Launch Browser: "chrome" on Environment:local
2019-01-24 11:31:00 INFO  FlyInMenuBehaviourSteps:30 - User is on sso portal's home page
2019-01-24 11:31:01 INFO  FlyInMenuBehaviourSteps:178 - executing Scenario 3
2019-01-24 11:31:05 INFO  Hooks:21 - ***********************************************************************************************************
2019-01-24 11:31:05 INFO  Hooks:30 -  Launch Browser: "chrome" on Environment:local
2019-01-24 11:31:05 INFO  FlyInMenuBehaviourSteps:30 - User is on sso portal's home page
2019-01-24 11:31:05 INFO  FlyInMenuBehaviourSteps:178 - executing Scenario 3
2019-01-24 11:31:12 INFO  Hooks:21 - ***********************************************************************************************************
2019-01-24 11:31:12 INFO  Hooks:30 -  Launch Browser: "chrome" on Environment:local
2019-01-24 11:31:12 INFO  FlyInMenuBehaviourSteps:30 - User is on sso portal's home page
2019-01-24 11:31:12 INFO  FlyInMenuBehaviourSteps:254 - executing Scenario 4
2019-01-24 11:31:16 INFO  Hooks:21 - ***********************************************************************************************************
2019-01-24 11:31:16 INFO  Hooks:30 -  Launch Browser: "chrome" on Environment:local
2019-01-24 11:31:16 INFO  FlyInMenuBehaviourSteps:30 - User is on sso portal's home page
2019-01-24 11:31:17 INFO  FlyInMenuBehaviourSteps:308 - executing Scenario 5
2019-01-24 11:31:17 INFO  Hooks:21 - ***********************************************************************************************************
2019-01-24 11:31:17 INFO  Hooks:30 -  Launch Browser: "chrome" on Environment:local
2019-01-24 11:31:17 INFO  FlyInMenuBehaviourSteps:30 - User is on sso portal's home page
2019-01-24 11:31:17 INFO  FlyInMenuBehaviourSteps:308 - executing Scenario 5
2019-01-24 11:31:17 INFO  Hooks:21 - ***********************************************************************************************************
2019-01-24 11:31:17 INFO  Hooks:30 -  Launch Browser: "chrome" on Environment:local
2019-01-24 11:31:17 INFO  FlyInMenuBehaviourSteps:30 - User is on sso portal's home page
2019-01-24 11:31:17 INFO  FlyInMenuBehaviourSteps:308 - executing Scenario 5
2019-01-24 11:31:17 INFO  Hooks:21 - ***********************************************************************************************************
2019-01-24 11:31:17 INFO  Hooks:30 -  Launch Browser: "chrome" on Environment:local
2019-01-24 11:31:17 INFO  FlyInMenuBehaviourSteps:30 - User is on sso portal's home page
2019-01-24 11:31:18 INFO  Hooks:23 - executing Scenario 2
2019-01-24 11:31:19 INFO  Hooks:49 - Marian Cross School
2019-01-24 11:31:20 INFO  Hooks:60 - Handwriting 103
2019-01-24 11:31:21 INFO  Hooks:71 - All
2019-01-24 15:04:37 INFO  Hooks:22 - ***********************************************************************************************************
2019-01-24 15:04:37 INFO  Hooks:31 -  Launch Browser: "chrome" on Environment:crossbrowser
2019-01-24 15:04:37 ERROR Hooks:35 - initConfig Error
java.lang.NullPointerException
	at com.bec.reporting.utils.Driver.createWebdriver(Driver.java:102)
	at com.bec.reporting.utils.Driver.getCurrentDriver(Driver.java:62)
	at com.bec.reporting.steps.Hooks.openBrowser(Hooks.java:33)
	at sun.reflect.NativeMethodAccessorImpl.invoke0(Native Method)
	at sun.reflect.NativeMethodAccessorImpl.invoke(NativeMethodAccessorImpl.java:62)
	at sun.reflect.DelegatingMethodAccessorImpl.invoke(DelegatingMethodAccessorImpl.java:43)
	at java.lang.reflect.Method.invoke(Method.java:498)
	at cucumber.runtime.Utils$1.call(Utils.java:40)
	at cucumber.runtime.Timeout.timeout(Timeout.java:16)
	at cucumber.runtime.Utils.invoke(Utils.java:34)
	at cucumber.runtime.java.JavaHookDefinition.execute(JavaHookDefinition.java:60)
	at cucumber.runtime.Runtime.runHookIfTagsMatch(Runtime.java:224)
	at cucumber.runtime.Runtime.runHooks(Runtime.java:212)
	at cucumber.runtime.Runtime.runBeforeHooks(Runtime.java:202)
	at cucumber.runtime.model.CucumberScenario.run(CucumberScenario.java:40)
	at cucumber.runtime.junit.ExecutionUnitRunner.run(ExecutionUnitRunner.java:102)
	at cucumber.runtime.junit.FeatureRunner.runChild(FeatureRunner.java:63)
	at cucumber.runtime.junit.FeatureRunner.runChild(FeatureRunner.java:18)
	at org.junit.runners.ParentRunner$3.run(ParentRunner.java:290)
	at org.junit.runners.ParentRunner$1.schedule(ParentRunner.java:71)
	at org.junit.runners.ParentRunner.runChildren(ParentRunner.java:288)
	at org.junit.runners.ParentRunner.access$000(ParentRunner.java:58)
	at org.junit.runners.ParentRunner$2.evaluate(ParentRunner.java:268)
	at org.junit.runners.ParentRunner.run(ParentRunner.java:363)
	at cucumber.runtime.junit.FeatureRunner.run(FeatureRunner.java:70)
	at cucumber.api.junit.Cucumber.runChild(Cucumber.java:95)
	at cucumber.api.junit.Cucumber.runChild(Cucumber.java:38)
	at org.junit.runners.ParentRunner$3.run(ParentRunner.java:290)
	at org.junit.runners.ParentRunner$1.schedule(ParentRunner.java:71)
	at org.junit.runners.ParentRunner.runChildren(ParentRunner.java:288)
	at org.junit.runners.ParentRunner.access$000(ParentRunner.java:58)
	at org.junit.runners.ParentRunner$2.evaluate(ParentRunner.java:268)
	at org.junit.runners.ParentRunner.run(ParentRunner.java:363)
	at cucumber.api.junit.Cucumber.run(Cucumber.java:100)
	at org.eclipse.jdt.internal.junit4.runner.JUnit4TestReference.run(JUnit4TestReference.java:86)
	at org.eclipse.jdt.internal.junit.runner.TestExecution.run(TestExecution.java:38)
	at org.eclipse.jdt.internal.junit.runner.RemoteTestRunner.runTests(RemoteTestRunner.java:538)
	at org.eclipse.jdt.internal.junit.runner.RemoteTestRunner.runTests(RemoteTestRunner.java:760)
	at org.eclipse.jdt.internal.junit.runner.RemoteTestRunner.run(RemoteTestRunner.java:460)
	at org.eclipse.jdt.internal.junit.runner.RemoteTestRunner.main(RemoteTestRunner.java:206)
2019-01-24 15:04:37 INFO  FlyInMenuBehaviourSteps:31 - User is on sso portal's home page
2019-01-24 15:04:38 ERROR UtilityMethods:36 - 
2019-01-24 15:05:01 INFO  Hooks:22 - ***********************************************************************************************************
2019-01-24 15:05:13 INFO  Hooks:31 -  Launch Browser: "chrome" on Environment:crossbrowser
2019-01-24 15:05:55 INFO  Hooks:22 - ***********************************************************************************************************
2019-01-24 15:06:03 INFO  Hooks:31 -  Launch Browser: "chrome" on Environment:crossbrowser
2019-01-24 15:11:29 INFO  Hooks:22 - ***********************************************************************************************************
2019-01-24 15:11:29 INFO  Hooks:31 -  Launch Browser: "chrome" on Environment:crossbrowser
2019-01-24 15:12:02 INFO  Hooks:22 - ***********************************************************************************************************
2019-01-24 15:12:02 INFO  Hooks:31 -  Launch Browser: "chrome" on Environment:crossbrowser
2019-01-24 15:14:21 INFO  Hooks:22 - ***********************************************************************************************************
2019-01-24 15:14:21 INFO  Hooks:31 -  Launch Browser: "chrome" on Environment:crossbrowser
2019-01-24 15:15:24 INFO  FlyInMenuBehaviourSteps:31 - User is on sso portal's home page
2019-01-24 15:15:31 INFO  RosterTabDropDownBehaviour:24 - executing Scenario 2
2019-01-24 15:15:38 INFO  RosterTabDropDownBehaviour:49 - Marian Cross School
2019-01-24 15:15:43 INFO  RosterTabDropDownBehaviour:60 - Handwriting 103
2019-01-24 15:15:48 INFO  RosterTabDropDownBehaviour:71 - HW 131 Thomas Hanwell
2019-01-24 15:17:08 ERROR CBTConfiguration:69 - Software caused connection abort: recv failed
2019-01-24 16:44:30 INFO  Hooks:22 - ***********************************************************************************************************
2019-01-24 16:44:30 INFO  Hooks:31 -  Launch Browser: "chrome" on Environment:crossbrowser
2019-01-24 16:44:39 INFO  FlyInMenuBehaviourSteps:31 - User is on sso portal's home page
2019-01-24 16:44:44 INFO  RosterTabDropDownBehaviour:24 - executing Scenario 2
2019-01-24 16:44:52 INFO  RosterTabDropDownBehaviour:49 - Marian Cross School
2019-01-24 16:44:57 INFO  RosterTabDropDownBehaviour:60 - Handwriting 103
2019-01-24 16:45:06 INFO  RosterTabDropDownBehaviour:71 - HW 131 Sanford Rieck
2019-01-24 17:04:58 INFO  Hooks:25 - ***********************************************************************************************************
2019-01-24 17:04:58 INFO  Hooks:34 -  Launch Browser: "chrome" on Environment:crossbrowser
2019-01-24 17:16:27 INFO  Hooks:25 - ***********************************************************************************************************
2019-01-24 17:16:27 INFO  Hooks:34 -  Launch Browser: "chrome" on Environment:crossbrowser
2019-01-24 17:16:37 ERROR Hooks:40 - initConfig Error
java.lang.NullPointerException
	at com.bec.reporting.utils.Reporter.assignAuthor(Reporter.java:148)
	at com.bec.reporting.steps.Hooks.openBrowser(Hooks.java:38)
	at sun.reflect.NativeMethodAccessorImpl.invoke0(Native Method)
	at sun.reflect.NativeMethodAccessorImpl.invoke(NativeMethodAccessorImpl.java:62)
	at sun.reflect.DelegatingMethodAccessorImpl.invoke(DelegatingMethodAccessorImpl.java:43)
	at java.lang.reflect.Method.invoke(Method.java:498)
	at cucumber.runtime.Utils$1.call(Utils.java:40)
	at cucumber.runtime.Timeout.timeout(Timeout.java:16)
	at cucumber.runtime.Utils.invoke(Utils.java:34)
	at cucumber.runtime.java.JavaHookDefinition.execute(JavaHookDefinition.java:60)
	at cucumber.runtime.Runtime.runHookIfTagsMatch(Runtime.java:224)
	at cucumber.runtime.Runtime.runHooks(Runtime.java:212)
	at cucumber.runtime.Runtime.runBeforeHooks(Runtime.java:202)
	at cucumber.runtime.model.CucumberScenario.run(CucumberScenario.java:40)
	at cucumber.runtime.junit.ExecutionUnitRunner.run(ExecutionUnitRunner.java:102)
	at cucumber.runtime.junit.FeatureRunner.runChild(FeatureRunner.java:63)
	at cucumber.runtime.junit.FeatureRunner.runChild(FeatureRunner.java:18)
	at org.junit.runners.ParentRunner$3.run(ParentRunner.java:290)
	at org.junit.runners.ParentRunner$1.schedule(ParentRunner.java:71)
	at org.junit.runners.ParentRunner.runChildren(ParentRunner.java:288)
	at org.junit.runners.ParentRunner.access$000(ParentRunner.java:58)
	at org.junit.runners.ParentRunner$2.evaluate(ParentRunner.java:268)
	at org.junit.runners.ParentRunner.run(ParentRunner.java:363)
	at cucumber.runtime.junit.FeatureRunner.run(FeatureRunner.java:70)
	at cucumber.api.junit.Cucumber.runChild(Cucumber.java:95)
	at cucumber.api.junit.Cucumber.runChild(Cucumber.java:38)
	at org.junit.runners.ParentRunner$3.run(ParentRunner.java:290)
	at org.junit.runners.ParentRunner$1.schedule(ParentRunner.java:71)
	at org.junit.runners.ParentRunner.runChildren(ParentRunner.java:288)
	at org.junit.runners.ParentRunner.access$000(ParentRunner.java:58)
	at org.junit.runners.ParentRunner$2.evaluate(ParentRunner.java:268)
	at org.junit.runners.ParentRunner.run(ParentRunner.java:363)
	at cucumber.api.junit.Cucumber.run(Cucumber.java:100)
	at org.eclipse.jdt.internal.junit4.runner.JUnit4TestReference.run(JUnit4TestReference.java:86)
	at org.eclipse.jdt.internal.junit.runner.TestExecution.run(TestExecution.java:38)
	at org.eclipse.jdt.internal.junit.runner.RemoteTestRunner.runTests(RemoteTestRunner.java:538)
	at org.eclipse.jdt.internal.junit.runner.RemoteTestRunner.runTests(RemoteTestRunner.java:760)
	at org.eclipse.jdt.internal.junit.runner.RemoteTestRunner.run(RemoteTestRunner.java:460)
	at org.eclipse.jdt.internal.junit.runner.RemoteTestRunner.main(RemoteTestRunner.java:206)
2019-01-24 17:16:37 INFO  FlyInMenuBehaviourSteps:31 - User is on sso portal's home page
2019-01-24 17:16:43 INFO  RosterTabDropDownBehaviour:24 - executing Scenario 2
2019-01-24 17:16:51 INFO  RosterTabDropDownBehaviour:49 - Marian Cross School
2019-01-24 17:16:55 INFO  RosterTabDropDownBehaviour:60 - Handwriting 103
2019-01-24 17:17:02 INFO  RosterTabDropDownBehaviour:71 - HW 131 Muriel Critchlow
2019-01-25 12:14:16 INFO  Hooks:25 - ***********************************************************************************************************
2019-01-25 12:14:16 INFO  Hooks:34 -  Launch Browser: "chrome" on Environment:crossbrowser
2019-01-25 12:14:24 INFO  FlyInMenuBehaviourSteps:31 - User is on sso portal's home page
2019-01-25 12:14:29 INFO  RosterTabDropDownBehaviour:24 - executing Scenario 2
2019-01-25 12:14:39 INFO  RosterTabDropDownBehaviour:49 - Marian Cross School
2019-01-25 12:14:43 INFO  RosterTabDropDownBehaviour:60 - Handwriting 103
2019-01-25 12:14:48 INFO  RosterTabDropDownBehaviour:71 - All
2019-01-25 12:30:20 INFO  Hooks:25 - ***********************************************************************************************************
2019-01-25 12:30:20 INFO  Hooks:34 -  Launch Browser: "chrome" on Environment:crossbrowser
2019-01-25 12:30:29 INFO  FlyInMenuBehaviourSteps:31 - User is on sso portal's home page
2019-01-25 12:30:35 INFO  FlyInMenuBehaviourSteps:44 - executing Scenario 1
2019-01-25 12:30:47 INFO  Hooks:25 - ***********************************************************************************************************
2019-01-25 12:30:47 INFO  Hooks:34 -  Launch Browser: "chrome" on Environment:crossbrowser
2019-01-25 12:30:47 INFO  FlyInMenuBehaviourSteps:31 - User is on sso portal's home page
2019-01-25 12:30:51 INFO  FlyInMenuBehaviourSteps:44 - executing Scenario 1
2019-01-25 12:31:02 ERROR UtilityMethods:36 - no such element: Unable to locate element: {"method":"xpath","selector":"//i[contains(text(),'chevron_right')]/ancestor::span[@class='float-right']"}
  (Session info: chrome=65.0.3325.146)
  (Driver info: chromedriver=2.36.540470 (e522d04694c7ebea4ba8821272dbef4f9b818c91),platform=Windows NT 10.0.15063 x86_64) (WARNING: The server did not provide any stacktrace information)
Command duration or timeout: 2.04 seconds
For documentation on this error, please visit: http://seleniumhq.org/exceptions/no_such_element.html
Build info: version: '3.4.0', revision: 'unknown', time: 'unknown'
System info: host: 'PC', ip: '10.191.57.90', os.name: 'Windows 10', os.arch: 'x86', os.version: '10.0', java.version: '1.8.0_111'
Driver info: org.openqa.selenium.chrome.ChromeDriver
Capabilities [{applicationCacheEnabled=false, rotatable=false, mobileEmulationEnabled=false, networkConnectionEnabled=false, chrome={chromedriverVersion=2.36.540470 (e522d04694c7ebea4ba8821272dbef4f9b818c91), userDataDir=C:\Users\you\AppData\Local\Temp\scoped_dir1272_17253}, takesHeapSnapshot=true, pageLoadStrategy=normal, databaseEnabled=false, handlesAlerts=true, hasTouchScreen=false, version=65.0.3325.146, platform=XP, browserConnectionEnabled=false, nativeEvents=true, acceptSslCerts=false, acceptInsecureCerts=false, locationContextEnabled=true, webStorageEnabled=true, browserName=chrome, takesScreenshot=true, javascriptEnabled=true, cssSelectorsEnabled=true, setWindowRect=true, unexpectedAlertBehaviour=}]
Session ID: c700355eae9a5714c64747782ab797f8
*** Element info: {Using=xpath, value=//i[contains(text(),'chevron_right')]/ancestor::span[@class='float-right']}
Command duration or timeout: 3.58 seconds
2019-01-25 12:31:06 INFO  Hooks:25 - ***********************************************************************************************************
2019-01-25 12:31:06 INFO  Hooks:34 -  Launch Browser: "chrome" on Environment:crossbrowser
2019-01-25 12:31:06 INFO  FlyInMenuBehaviourSteps:31 - User is on sso portal's home page
2019-01-25 12:31:10 INFO  FlyInMenuBehaviourSteps:44 - executing Scenario 1
2019-01-25 12:31:21 ERROR UtilityMethods:36 - no such element: Unable to locate element: {"method":"xpath","selector":"//i[contains(text(),'chevron_right')]/ancestor::span[@class='float-right']"}
  (Session info: chrome=65.0.3325.146)
  (Driver info: chromedriver=2.36.540470 (e522d04694c7ebea4ba8821272dbef4f9b818c91),platform=Windows NT 10.0.15063 x86_64) (WARNING: The server did not provide any stacktrace information)
Command duration or timeout: 2.03 seconds
For documentation on this error, please visit: http://seleniumhq.org/exceptions/no_such_element.html
Build info: version: '3.4.0', revision: 'unknown', time: 'unknown'
System info: host: 'PC', ip: '10.191.57.90', os.name: 'Windows 10', os.arch: 'x86', os.version: '10.0', java.version: '1.8.0_111'
Driver info: org.openqa.selenium.chrome.ChromeDriver
Capabilities [{applicationCacheEnabled=false, rotatable=false, mobileEmulationEnabled=false, networkConnectionEnabled=false, chrome={chromedriverVersion=2.36.540470 (e522d04694c7ebea4ba8821272dbef4f9b818c91), userDataDir=C:\Users\you\AppData\Local\Temp\scoped_dir1272_17253}, takesHeapSnapshot=true, pageLoadStrategy=normal, databaseEnabled=false, handlesAlerts=true, hasTouchScreen=false, version=65.0.3325.146, platform=XP, browserConnectionEnabled=false, nativeEvents=true, acceptSslCerts=false, acceptInsecureCerts=false, locationContextEnabled=true, webStorageEnabled=true, browserName=chrome, takesScreenshot=true, javascriptEnabled=true, cssSelectorsEnabled=true, setWindowRect=true, unexpectedAlertBehaviour=}]
Session ID: c700355eae9a5714c64747782ab797f8
*** Element info: {Using=xpath, value=//i[contains(text(),'chevron_right')]/ancestor::span[@class='float-right']}
Command duration or timeout: 3.40 seconds
2019-01-25 12:31:25 INFO  Hooks:25 - ***********************************************************************************************************
2019-01-25 12:31:25 INFO  Hooks:34 -  Launch Browser: "chrome" on Environment:crossbrowser
2019-01-25 12:31:25 INFO  FlyInMenuBehaviourSteps:31 - User is on sso portal's home page
2019-01-25 12:31:28 INFO  FlyInMenuBehaviourSteps:99 - executing Scenario 2
2019-01-25 12:31:57 INFO  Hooks:25 - ***********************************************************************************************************
2019-01-25 12:31:57 INFO  Hooks:34 -  Launch Browser: "chrome" on Environment:crossbrowser
2019-01-25 12:31:57 INFO  FlyInMenuBehaviourSteps:31 - User is on sso portal's home page
2019-01-25 12:32:01 INFO  FlyInMenuBehaviourSteps:99 - executing Scenario 2
2019-01-25 12:32:32 INFO  Hooks:25 - ***********************************************************************************************************
2019-01-25 12:32:32 INFO  Hooks:34 -  Launch Browser: "chrome" on Environment:crossbrowser
2019-01-25 12:32:32 INFO  FlyInMenuBehaviourSteps:31 - User is on sso portal's home page
2019-01-25 12:32:36 INFO  FlyInMenuBehaviourSteps:175 - executing Scenario 3
2019-01-25 12:32:55 INFO  Hooks:25 - ***********************************************************************************************************
2019-01-25 12:32:55 INFO  Hooks:34 -  Launch Browser: "chrome" on Environment:crossbrowser
2019-01-25 12:32:55 INFO  FlyInMenuBehaviourSteps:31 - User is on sso portal's home page
2019-01-25 12:32:59 INFO  FlyInMenuBehaviourSteps:175 - executing Scenario 3
2019-01-25 12:33:24 INFO  Hooks:25 - ***********************************************************************************************************
2019-01-25 12:33:24 INFO  Hooks:34 -  Launch Browser: "chrome" on Environment:crossbrowser
2019-01-25 12:33:24 INFO  FlyInMenuBehaviourSteps:31 - User is on sso portal's home page
2019-01-25 12:33:28 INFO  FlyInMenuBehaviourSteps:250 - executing Scenario 4
2019-01-25 12:33:47 INFO  Hooks:25 - ***********************************************************************************************************
2019-01-25 12:33:47 INFO  Hooks:34 -  Launch Browser: "chrome" on Environment:crossbrowser
2019-01-25 12:33:47 INFO  FlyInMenuBehaviourSteps:31 - User is on sso portal's home page
2019-01-25 12:33:50 INFO  FlyInMenuBehaviourSteps:303 - executing Scenario 5
2019-01-25 12:33:52 INFO  FlyInMenuBehaviourSteps:321 - Roster shows tooltip Select Student, Class, Grade, etc.
2019-01-25 12:33:54 INFO  Hooks:25 - ***********************************************************************************************************
2019-01-25 12:33:54 INFO  Hooks:34 -  Launch Browser: "chrome" on Environment:crossbrowser
2019-01-25 12:33:54 INFO  FlyInMenuBehaviourSteps:31 - User is on sso portal's home page
2019-01-25 12:33:58 INFO  FlyInMenuBehaviourSteps:303 - executing Scenario 5
2019-01-25 12:33:59 INFO  FlyInMenuBehaviourSteps:321 - Test shows tooltip Select Test(s)
2019-01-25 12:34:02 INFO  Hooks:25 - ***********************************************************************************************************
2019-01-25 12:34:02 INFO  Hooks:34 -  Launch Browser: "chrome" on Environment:crossbrowser
2019-01-25 12:34:02 INFO  FlyInMenuBehaviourSteps:31 - User is on sso portal's home page
2019-01-25 12:34:06 INFO  FlyInMenuBehaviourSteps:303 - executing Scenario 5
2019-01-25 12:34:07 INFO  FlyInMenuBehaviourSteps:321 - Date shows tooltip Select Date(District Term)
2019-01-25 12:34:10 INFO  Hooks:25 - ***********************************************************************************************************
2019-01-25 12:34:10 INFO  Hooks:34 -  Launch Browser: "chrome" on Environment:crossbrowser
2019-01-25 12:34:10 INFO  FlyInMenuBehaviourSteps:31 - User is on sso portal's home page
2019-01-25 12:34:13 INFO  RosterTabDropDownBehaviour:24 - executing Scenario 2
2019-01-25 12:34:21 INFO  RosterTabDropDownBehaviour:49 - Marian Cross School
2019-01-25 12:34:26 INFO  RosterTabDropDownBehaviour:60 - Handwriting 103
2019-01-25 12:34:36 INFO  RosterTabDropDownBehaviour:71 - HW 131 Marc Rieck
